<?xml version="1.0" encoding="UTF-8"?>
<testng-results ignored="0" total="2" passed="2" failed="0" skipped="0">
  <reporter-output>
  </reporter-output>
  <suite started-at="2022-02-01T12:24:51 IST" name="demoTest.NewTest" finished-at="2022-02-01T12:24:59 IST" duration-ms="8180">
    <groups>
    </groups>
    <test started-at="2022-02-01T12:24:51 IST" name="Command line test" finished-at="2022-02-01T12:24:59 IST" duration-ms="8180">
      <class name="demoTest.NewTest">
        <test-method is-config="true" signature="launchApplication()[pri:0, instance:demoTest.NewTest@313ac989]" started-at="2022-02-01T12:24:51 IST" name="launchApplication" finished-at="2022-02-01T12:24:56 IST" duration-ms="5107" status="PASS">
          <reporter-output>
          </reporter-output>
        </test-method> <!-- launchApplication -->
        <test-method signature="login()[pri:0, instance:demoTest.NewTest@313ac989]" started-at="2022-02-01T12:24:56 IST" name="login" finished-at="2022-02-01T12:24:58 IST" duration-ms="2047" status="PASS">
          <reporter-output>
          </reporter-output>
        </test-method> <!-- login -->
        <test-method signature="logout()[pri:0, instance:demoTest.NewTest@313ac989]" started-at="2022-02-01T12:24:58 IST" name="logout" finished-at="2022-02-01T12:24:59 IST" duration-ms="933" status="PASS">
          <reporter-output>
          </reporter-output>
        </test-method> <!-- logout -->
        <test-method is-config="true" signature="closeApplication()[pri:0, instance:demoTest.NewTest@313ac989]" started-at="2022-02-01T12:24:59 IST" name="closeApplication" finished-at="2022-02-01T12:24:59 IST" duration-ms="66" status="PASS">
          <reporter-output>
          </reporter-output>
        </test-method> <!-- closeApplication -->
      </class> <!-- demoTest.NewTest -->
    </test> <!-- Command line test -->
  </suite> <!-- demoTest.NewTest -->
</testng-results>
